GET / HTTP/1.1
User-Agent: Mozilla/5.0 (Windows NT 10.0; Win64; x64) AppleWebKit/537.36 (KHTML, like Gecko) Chrome/139.0.0.0 Safari/537.36
Accept: text/html,application/xhtml+xml,application/xml;q=0.9,image/avif,image/webp,image/apng,*/*;q=0.8,application/signed-exchange;v=b3;q=0.7
Accept-Encoding: gzip, deflate, br, zstd
Accept-Language: pl-PL,pl;q=0.9,en-US;q=0.8,en;q=0.7,zh-TW;q=0.6,zh;q=0.5
Priority: u=0, i
Sec-Ch-Ua: "Not;A=Brand";v="99", "Google Chrome";v="139", "Chromium";v="139"
Sec-Ch-Ua-Mobile: ?0
Sec-Ch-Ua-Platform: "Windows"
Sec-Fetch-Dest: document
Sec-Fetch-Mode: navigate
Sec-Fetch-Site: none
Sec-Fetch-User: ?1
Upgrade-Insecure-Requests: 1
X-Forwarded-For: 31.61.226.63
Host: test5.ssrf.jeti.pw
X-Forwarded-Port: 443
X-Forwarded-Server: f15bf43eeb09

GET /favicon.ico HTTP/1.1
User-Agent: Mozilla/5.0 (Windows NT 10.0; Win64; x64) AppleWebKit/537.36 (KHTML, like Gecko) Chrome/139.0.0.0 Safari/537.36
Accept: image/avif,image/webp,image/apng,image/svg+xml,image/*,*/*;q=0.8
Accept-Encoding: gzip, deflate, br, zstd
Accept-Language: pl-PL,pl;q=0.9,en-US;q=0.8,en;q=0.7,zh-TW;q=0.6,zh;q=0.5
Priority: u=1, i
Referer: hxxps://test5.ssrf.jeti.pw/
Sec-Ch-Ua: "Not;A=Brand";v="99", "Google Chrome";v="139", "Chromium";v="139"
Sec-Ch-Ua-Mobile: ?0
Sec-Ch-Ua-Platform: "Windows"
Sec-Fetch-Dest: image
Sec-Fetch-Mode: no-cors
Sec-Fetch-Site: same-origin
X-Forwarded-For: 31.61.226.63
Host: test5.ssrf.jeti.pw
X-Forwarded-Port: 443
X-Forwarded-Server: f15bf43eeb09

